Determining if the pthread_create exist failed with the following output:
Change Dir: /home/jetson/yahboomcar_ws/build/CMakeFiles/CMakeTmp

Run Build Command:"/usr/bin/make" "cmTC_23413/fast"
/usr/bin/make -f CMakeFiles/cmTC_23413.dir/build.make CMakeFiles/cmTC_23413.dir/build
make[1]: Entering directory '/home/jetson/yahboomcar_ws/build/CMakeFiles/CMakeTmp'
Building C object CMakeFiles/cmTC_23413.dir/CheckSymbolExists.c.o
/usr/bin/cc    -o CMakeFiles/cmTC_23413.dir/CheckSymbolExists.c.o   -c /home/jetson/yahboomcar_ws/build/CMakeFiles/CMakeTmp/CheckSymbolExists.c
Linking C executable cmTC_23413
/usr/bin/cmake -E cmake_link_script CMakeFiles/cmTC_23413.dir/link.txt --verbose=1
/usr/bin/cc      -rdynamic CMakeFiles/cmTC_23413.dir/CheckSymbolExists.c.o  -o cmTC_23413 
CMakeFiles/cmTC_23413.dir/CheckSymbolExists.c.o: In function `main':
CheckSymbolExists.c:(.text+0x14): undefined reference to `pthread_create'
CheckSymbolExists.c:(.text+0x18): undefined reference to `pthread_create'
collect2: error: ld returned 1 exit status
CMakeFiles/cmTC_23413.dir/build.make:97: recipe for target 'cmTC_23413' failed
make[1]: *** [cmTC_23413] Error 1
make[1]: Leaving directory '/home/jetson/yahboomcar_ws/build/CMakeFiles/CMakeTmp'
Makefile:126: recipe for target 'cmTC_23413/fast' failed
make: *** [cmTC_23413/fast] Error 2

File /home/jetson/yahboomcar_ws/build/CMakeFiles/CMakeTmp/CheckSymbolExists.c:
/* */
#include <pthread.h>

int main(int argc, char** argv)
{
  (void)argv;
#ifndef pthread_create
  return ((int*)(&pthread_create))[argc];
#else
  (void)argc;
  return 0;
#endif
}

Determining if the function pthread_create exists in the pthreads failed with the following output:
Change Dir: /home/jetson/yahboomcar_ws/build/CMakeFiles/CMakeTmp

Run Build Command:"/usr/bin/make" "cmTC_e248b/fast"
/usr/bin/make -f CMakeFiles/cmTC_e248b.dir/build.make CMakeFiles/cmTC_e248b.dir/build
make[1]: Entering directory '/home/jetson/yahboomcar_ws/build/CMakeFiles/CMakeTmp'
Building C object CMakeFiles/cmTC_e248b.dir/CheckFunctionExists.c.o
/usr/bin/cc   -DCHECK_FUNCTION_EXISTS=pthread_create   -o CMakeFiles/cmTC_e248b.dir/CheckFunctionExists.c.o   -c /usr/share/cmake-3.10/Modules/CheckFunctionExists.c
Linking C executable cmTC_e248b
/usr/bin/cmake -E cmake_link_script CMakeFiles/cmTC_e248b.dir/link.txt --verbose=1
/usr/bin/cc  -DCHECK_FUNCTION_EXISTS=pthread_create    -rdynamic CMakeFiles/cmTC_e248b.dir/CheckFunctionExists.c.o  -o cmTC_e248b -lpthreads 
/usr/bin/ld: cannot find -lpthreads
collect2: error: ld returned 1 exit status
CMakeFiles/cmTC_e248b.dir/build.make:97: recipe for target 'cmTC_e248b' failed
make[1]: *** [cmTC_e248b] Error 1
make[1]: Leaving directory '/home/jetson/yahboomcar_ws/build/CMakeFiles/CMakeTmp'
Makefile:126: recipe for target 'cmTC_e248b/fast' failed
make: *** [cmTC_e248b/fast] Error 2


